0 info it worked if it ends with ok
1 verbose cli [ '/usr/local/bin/node', '/usr/local/bin/npm', 'run', 'dev' ]
2 info using npm@4.1.2
3 info using node@v6.9.5
4 verbose run-script [ 'predev', 'dev', 'postdev' ]
5 info lifecycle anor-js.com@0.0.1~predev: anor-js.com@0.0.1
6 silly lifecycle anor-js.com@0.0.1~predev: no script for predev, continuing
7 info lifecycle anor-js.com@0.0.1~dev: anor-js.com@0.0.1
8 verbose lifecycle anor-js.com@0.0.1~dev: unsafe-perm in lifecycle true
9 verbose lifecycle anor-js.com@0.0.1~dev: PATH: /usr/local/lib/node_modules/npm/bin/node-gyp-bin:/Users/honpery/personal_project/anor/site/node_modules/.bin:/usr/local/bin:/usr/bin:/bin:/usr/sbin:/sbin:/usr/local/go/bin:/Users/honpery/go/bin
10 verbose lifecycle anor-js.com@0.0.1~dev: CWD: /Users/honpery/personal_project/anor/site
11 silly lifecycle anor-js.com@0.0.1~dev: Args: [ '-c',
11 silly lifecycle   'NODE_ENV=dev ./node_modules/webpack-dev-server/bin/webpack-dev-server.js --config ./config/webpack.config.dev.js' ]
12 silly lifecycle anor-js.com@0.0.1~dev: Returned: code: 1  signal: null
13 info lifecycle anor-js.com@0.0.1~dev: Failed to exec dev script
14 verbose stack Error: anor-js.com@0.0.1 dev: `NODE_ENV=dev ./node_modules/webpack-dev-server/bin/webpack-dev-server.js --config ./config/webpack.config.dev.js`
14 verbose stack Exit status 1
14 verbose stack     at EventEmitter.<anonymous> (/usr/local/lib/node_modules/npm/lib/utils/lifecycle.js:279:16)
14 verbose stack     at emitTwo (events.js:106:13)
14 verbose stack     at EventEmitter.emit (events.js:191:7)
14 verbose stack     at ChildProcess.<anonymous> (/usr/local/lib/node_modules/npm/lib/utils/spawn.js:40:14)
14 verbose stack     at emitTwo (events.js:106:13)
14 verbose stack     at ChildProcess.emit (events.js:191:7)
14 verbose stack     at maybeClose (internal/child_process.js:877:16)
14 verbose stack     at Process.ChildProcess._handle.onexit (internal/child_process.js:226:5)
15 verbose pkgid anor-js.com@0.0.1
16 verbose cwd /Users/honpery/personal_project/anor/site
17 error Darwin 16.5.0
18 error argv "/usr/local/bin/node" "/usr/local/bin/npm" "run" "dev"
19 error node v6.9.5
20 error npm  v4.1.2
21 error code ELIFECYCLE
22 error anor-js.com@0.0.1 dev: `NODE_ENV=dev ./node_modules/webpack-dev-server/bin/webpack-dev-server.js --config ./config/webpack.config.dev.js`
22 error Exit status 1
23 error Failed at the anor-js.com@0.0.1 dev script 'NODE_ENV=dev ./node_modules/webpack-dev-server/bin/webpack-dev-server.js --config ./config/webpack.config.dev.js'.
23 error Make sure you have the latest version of node.js and npm installed.
23 error If you do, this is most likely a problem with the anor-js.com package,
23 error not with npm itself.
23 error Tell the author that this fails on your system:
23 error     NODE_ENV=dev ./node_modules/webpack-dev-server/bin/webpack-dev-server.js --config ./config/webpack.config.dev.js
23 error You can get information on how to open an issue for this project with:
23 error     npm bugs anor-js.com
23 error Or if that isn't available, you can get their info via:
23 error     npm owner ls anor-js.com
23 error There is likely additional logging output above.
24 verbose exit [ 1, true ]
